<?xml version="1.0" encoding="UTF-8"?>
<testng-results ignored="0" total="2" passed="2" failed="0" skipped="0">
  <reporter-output>
  </reporter-output>
  <suite started-at="2026-03-14T15:24:27 IST" name="Default suite" finished-at="2026-03-14T15:24:31 IST" duration-ms="4339">
    <groups>
    </groups>
    <test started-at="2026-03-14T15:24:27 IST" name="Default test" finished-at="2026-03-14T15:24:31 IST" duration-ms="4339">
      <class name="code.InstaTest">
        <test-method signature="LoginTests()[pri:0, instance:code.InstaTest@131774fe]" started-at="2026-03-14T15:24:27 IST" name="LoginTests" finished-at="2026-03-14T15:24:29 IST" duration-ms="2302" status="PASS">
          <reporter-output>
          </reporter-output>
        </test-method> <!-- LoginTests -->
      </class> <!-- code.InstaTest -->
      <class name="code.GoogleTest">
        <test-method signature="LoginTest()[pri:0, instance:code.GoogleTest@5c33f1a9]" started-at="2026-03-14T15:24:29 IST" name="LoginTest" finished-at="2026-03-14T15:24:31 IST" duration-ms="2005" status="PASS">
          <reporter-output>
          </reporter-output>
        </test-method> <!-- LoginTest -->
      </class> <!-- code.GoogleTest -->
    </test> <!-- Default test -->
  </suite> <!-- Default suite -->
</testng-results>
